<?xml version="1.0" encoding="UTF-8"?>
<testsuite xmlns:xsi="http://www.w3.org/2001/XMLSchema-instance" xsi:noNamespaceSchemaLocation="https://maven.apache.org/surefire/maven-surefire-plugin/xsd/surefire-test-report.xsd" name="org.example.assessment.JaxrsTest" time="28.718" tests="1" errors="0" skipped="0" failures="0">
  <properties>
    <property name="sun.desktop" value="windows"/>
    <property name="awt.toolkit" value="sun.awt.windows.WToolkit"/>
    <property name="file.encoding.pkg" value="sun.io"/>
    <property name="java.specification.version" value="1.8"/>
    <property name="sun.cpu.isalist" value="pentium_pro+mmx pentium_pro pentium+mmx pentium i486 i386 i86"/>
    <property name="sun.jnu.encoding" value="Cp1252"/>
    <property name="java.class.path" value="C:\Users\Anu\Desktop\brx\myproject\assessment\target\test-classes;C:\Users\Anu\Desktop\brx\myproject\assessment\target\classes;C:\Users\Anu\.m2\repository\org\onehippo\cms7\hippo-repository-jaxrs\13.4.0\hippo-repository-jaxrs-13.4.0.jar;C:\Users\Anu\.m2\repository\org\onehippo\cms7\hippo-cms7-utilities\13.4.0\hippo-cms7-utilities-13.4.0.jar;C:\Users\Anu\.m2\repository\org\apache\cxf\cxf-rt-frontend-jaxrs\3.2.6\cxf-rt-frontend-jaxrs-3.2.6.jar;C:\Users\Anu\.m2\repository\javax\annotation\javax.annotation-api\1.3\javax.annotation-api-1.3.jar;C:\Users\Anu\.m2\repository\org\apache\cxf\cxf-rt-transports-http\3.2.6\cxf-rt-transports-http-3.2.6.jar;C:\Users\Anu\.m2\repository\com\fasterxml\jackson\jaxrs\jackson-jaxrs-json-provider\2.9.9\jackson-jaxrs-json-provider-2.9.9.jar;C:\Users\Anu\.m2\repository\com\fasterxml\jackson\jaxrs\jackson-jaxrs-base\2.9.9\jackson-jaxrs-base-2.9.9.jar;C:\Users\Anu\.m2\repository\com\fasterxml\jackson\core\jackson-core\2.9.9\jackson-core-2.9.9.jar;C:\Users\Anu\.m2\repository\com\fasterxml\jackson\core\jackson-databind\2.9.9\jackson-databind-2.9.9.jar;C:\Users\Anu\.m2\repository\com\fasterxml\jackson\module\jackson-module-jaxb-annotations\2.9.9\jackson-module-jaxb-annotations-2.9.9.jar;C:\Users\Anu\.m2\repository\com\fasterxml\jackson\core\jackson-annotations\2.9.0\jackson-annotations-2.9.0.jar;C:\Users\Anu\.m2\repository\org\apache\commons\commons-lang3\3.8.1\commons-lang3-3.8.1.jar;C:\Users\Anu\.m2\repository\org\apache\jackrabbit\jackrabbit-jcr-commons\2.18.3-h1\jackrabbit-jcr-commons-2.18.3-h1.jar;C:\Users\Anu\.m2\repository\org\onehippo\cms7\hippo-repository-engine\13.4.0\hippo-repository-engine-13.4.0.jar;C:\Users\Anu\.m2\repository\org\apache\jackrabbit\jackrabbit-core\2.18.3-h1\jackrabbit-core-2.18.3-h1.jar;C:\Users\Anu\.m2\repository\concurrent\concurrent\1.3.4\concurrent-1.3.4.jar;C:\Users\Anu\.m2\repository\commons-collections\commons-collections\3.2.2\commons-collections-3.2.2.jar;C:\Users\Anu\.m2\repository\commons-dbcp\commons-dbcp\1.4\commons-dbcp-1.4.jar;C:\Users\Anu\.m2\repository\commons-pool\commons-pool\1.5.4\commons-pool-1.5.4.jar;C:\Users\Anu\.m2\repository\org\apache\jackrabbit\jackrabbit-api\2.18.3-h1\jackrabbit-api-2.18.3-h1.jar;C:\Users\Anu\.m2\repository\org\jetbrains\annotations\16.0.3\annotations-16.0.3.jar;C:\Users\Anu\.m2\repository\org\apache\jackrabbit\jackrabbit-spi\2.18.3-h1\jackrabbit-spi-2.18.3-h1.jar;C:\Users\Anu\.m2\repository\org\apache\tika\tika-core\1.22\tika-core-1.22.jar;C:\Users\Anu\.m2\repository\org\apache\lucene\lucene-core\3.6.0\lucene-core-3.6.0.jar;C:\Users\Anu\.m2\repository\org\apache\jackrabbit\jackrabbit-data\2.18.3-h1\jackrabbit-data-2.18.3-h1.jar;C:\Users\Anu\.m2\repository\org\apache\jackrabbit\jackrabbit-spi-commons\2.18.3-h1\jackrabbit-spi-commons-2.18.3-h1.jar;C:\Users\Anu\.m2\repository\org\onehippo\cms\hippo-configuration-management-api\13.4.0\hippo-configuration-management-api-13.4.0.jar;C:\Users\Anu\.m2\repository\org\onehippo\cms\hippo-configuration-management-model\13.4.0\hippo-configuration-management-model-13.4.0.jar;C:\Users\Anu\.m2\repository\org\yaml\snakeyaml\1.23\snakeyaml-1.23.jar;C:\Users\Anu\.m2\repository\org\springframework\spring-context\5.1.5.RELEASE\spring-context-5.1.5.RELEASE.jar;C:\Users\Anu\.m2\repository\org\springframework\spring-aop\5.1.5.RELEASE\spring-aop-5.1.5.RELEASE.jar;C:\Users\Anu\.m2\repository\org\springframework\spring-beans\5.1.5.RELEASE\spring-beans-5.1.5.RELEASE.jar;C:\Users\Anu\.m2\repository\org\springframework\spring-core\5.1.5.RELEASE\spring-core-5.1.5.RELEASE.jar;C:\Users\Anu\.m2\repository\org\springframework\spring-jcl\5.1.5.RELEASE\spring-jcl-5.1.5.RELEASE.jar;C:\Users\Anu\.m2\repository\org\springframework\spring-expression\5.1.5.RELEASE\spring-expression-5.1.5.RELEASE.jar;C:\Users\Anu\.m2\repository\org\onehippo\cms7\hippo-repository-tika\13.4.0\hippo-repository-tika-13.4.0.jar;C:\Users\Anu\.m2\repository\org\apache\commons\commons-compress\1.19\commons-compress-1.19.jar;C:\Users\Anu\.m2\repository\org\apache\pdfbox\pdfbox\2.0.16\pdfbox-2.0.16.jar;C:\Users\Anu\.m2\repository\org\apache\pdfbox\fontbox\2.0.16\fontbox-2.0.16.jar;C:\Users\Anu\.m2\repository\org\apache\tika\tika-parsers\1.22\tika-parsers-1.22.jar;C:\Users\Anu\.m2\repository\org\glassfish\jaxb\jaxb-runtime\2.3.2\jaxb-runtime-2.3.2.jar;C:\Users\Anu\.m2\repository\jakarta\xml\bind\jakarta.xml.bind-api\2.3.2\jakarta.xml.bind-api-2.3.2.jar;C:\Users\Anu\.m2\repository\org\glassfish\jaxb\txw2\2.3.2\txw2-2.3.2.jar;C:\Users\Anu\.m2\repository\com\sun\istack\istack-commons-runtime\3.0.8\istack-commons-runtime-3.0.8.jar;C:\Users\Anu\.m2\repository\org\jvnet\staxex\stax-ex\1.8.1\stax-ex-1.8.1.jar;C:\Users\Anu\.m2\repository\com\sun\xml\fastinfoset\FastInfoset\1.2.16\FastInfoset-1.2.16.jar;C:\Users\Anu\.m2\repository\org\tukaani\xz\1.8\xz-1.8.jar;C:\Users\Anu\.m2\repository\com\epam\parso\2.0.11\parso-2.0.11.jar;C:\Users\Anu\.m2\repository\org\brotli\dec\0.1.2\dec-0.1.2.jar;C:\Users\Anu\.m2\repository\org\apache\pdfbox\pdfbox-tools\2.0.16\pdfbox-tools-2.0.16.jar;C:\Users\Anu\.m2\repository\org\apache\pdfbox\jempbox\1.8.16\jempbox-1.8.16.jar;C:\Users\Anu\.m2\repository\org\bouncycastle\bcmail-jdk15on\1.62\bcmail-jdk15on-1.62.jar;C:\Users\Anu\.m2\repository\org\bouncycastle\bcpkix-jdk15on\1.62\bcpkix-jdk15on-1.62.jar;C:\Users\Anu\.m2\repository\org\bouncycastle\bcprov-jdk15on\1.62\bcprov-jdk15on-1.62.jar;C:\Users\Anu\.m2\repository\org\apache\poi\poi\4.0.1\poi-4.0.1.jar;C:\Users\Anu\.m2\repository\org\apache\commons\commons-math3\3.6.1\commons-math3-3.6.1.jar;C:\Users\Anu\.m2\repository\org\apache\poi\poi-scratchpad\4.0.1\poi-scratchpad-4.0.1.jar;C:\Users\Anu\.m2\repository\org\apache\poi\poi-ooxml\4.0.1\poi-ooxml-4.0.1.jar;C:\Users\Anu\.m2\repository\org\apache\poi\poi-ooxml-schemas\4.0.1\poi-ooxml-schemas-4.0.1.jar;C:\Users\Anu\.m2\repository\org\apache\xmlbeans\xmlbeans\3.0.2\xmlbeans-3.0.2.jar;C:\Users\Anu\.m2\repository\com\github\virtuald\curvesapi\1.05\curvesapi-1.05.jar;C:\Users\Anu\.m2\repository\com\googlecode\juniversalchardet\juniversalchardet\1.0.3\juniversalchardet-1.0.3.jar;C:\Users\Anu\.m2\repository\net\java\dev\jna\jna\5.3.1\jna-5.3.1.jar;C:\Users\Anu\.m2\repository\com\google\protobuf\protobuf-java\3.9.0\protobuf-java-3.9.0.jar;C:\Users\Anu\.m2\repository\com\mchange\c3p0\0.9.5.4\c3p0-0.9.5.4.jar;C:\Users\Anu\.m2\repository\com\mchange\mchange-commons-java\0.2.15\mchange-commons-java-0.2.15.jar;C:\Users\Anu\.m2\repository\org\apache\pdfbox\jbig2-imageio\3.0.2\jbig2-imageio-3.0.2.jar;C:\Users\Anu\.m2\repository\com\github\jai-imageio\jai-imageio-core\1.4.0\jai-imageio-core-1.4.0.jar;C:\Users\Anu\.m2\repository\org\onehippo\cms7\hippo-repository-connector\13.4.0\hippo-repository-connector-13.4.0.jar;C:\Users\Anu\.m2\repository\org\apache\jackrabbit\jackrabbit-jcr-rmi\2.18.3-h1\jackrabbit-jcr-rmi-2.18.3-h1.jar;C:\Users\Anu\.m2\repository\org\onehippo\cms7\hippo-repository-provider\13.4.0\hippo-repository-provider-13.4.0.jar;C:\Users\Anu\.m2\repository\commons-beanutils\commons-beanutils\1.9.4\commons-beanutils-1.9.4.jar;C:\Users\Anu\.m2\repository\net\sf\json-lib\json-lib\2.4\json-lib-2.4-jdk15.jar;C:\Users\Anu\.m2\repository\net\sf\ezmorph\ezmorph\1.0.6\ezmorph-1.0.6.jar;C:\Users\Anu\.m2\repository\org\onehippo\cms7\hippo-repository-utilities\13.4.0\hippo-repository-utilities-13.4.0.jar;C:\Users\Anu\.m2\repository\com\google\guava\guava\27.0-jre\guava-27.0-jre.jar;C:\Users\Anu\.m2\repository\com\google\guava\failureaccess\1.0\failureaccess-1.0.jar;C:\Users\Anu\.m2\repository\com\google\guava\listenablefuture\9999.0-empty-to-avoid-conflict-with-guava\listenablefuture-9999.0-empty-to-avoid-conflict-with-guava.jar;C:\Users\Anu\.m2\repository\com\google\code\findbugs\jsr305\3.0.2\jsr305-3.0.2.jar;C:\Users\Anu\.m2\repository\org\checkerframework\checker-qual\2.5.2\checker-qual-2.5.2.jar;C:\Users\Anu\.m2\repository\com\google\errorprone\error_prone_annotations\2.2.0\error_prone_annotations-2.2.0.jar;C:\Users\Anu\.m2\repository\com\google\j2objc\j2objc-annotations\1.1\j2objc-annotations-1.1.jar;C:\Users\Anu\.m2\repository\org\codehaus\mojo\animal-sniffer-annotations\1.17\animal-sniffer-annotations-1.17.jar;C:\Users\Anu\.m2\repository\org\quartz-scheduler\quartz\2.2.3\quartz-2.2.3.jar;C:\Users\Anu\.m2\repository\commons-io\commons-io\2.6\commons-io-2.6.jar;C:\Users\Anu\.m2\repository\commons-lang\commons-lang\2.6\commons-lang-2.6.jar;C:\Users\Anu\.m2\repository\org\apache\commons\commons-text\1.6\commons-text-1.6.jar;C:\Users\Anu\.m2\repository\org\codehaus\groovy\groovy-all\2.4.15\groovy-all-2.4.15.jar;C:\Users\Anu\.m2\repository\com\h2database\h2\1.3.175\h2-1.3.175.jar;C:\Users\Anu\.m2\repository\org\apache\commons\commons-collections4\4.2\commons-collections4-4.2.jar;C:\Users\Anu\.m2\repository\org\onehippo\cms7\hippo-repository-config\13.4.0\hippo-repository-config-13.4.0.jar;C:\Users\Anu\.m2\repository\org\onehippo\cms7\hippo-repository-testutils\13.4.0\hippo-repository-testutils-13.4.0.jar;C:\Users\Anu\.m2\repository\org\onehippo\cms7\hippo-cms-testutils\13.4.0\hippo-cms-testutils-13.4.0.jar;C:\Users\Anu\.m2\repository\org\onehippo\cms7\hippo-repository-mockutils\13.4.0\hippo-repository-mockutils-13.4.0.jar;C:\Users\Anu\.m2\repository\org\slf4j\slf4j-ext\1.7.25\slf4j-ext-1.7.25.jar;C:\Users\Anu\.m2\repository\org\apache\cxf\cxf-core\3.2.6\cxf-core-3.2.6.jar;C:\Users\Anu\.m2\repository\com\fasterxml\woodstox\woodstox-core\5.1.0\woodstox-core-5.1.0.jar;C:\Users\Anu\.m2\repository\org\codehaus\woodstox\stax2-api\4.1\stax2-api-4.1.jar;C:\Users\Anu\.m2\repository\org\apache\ws\xmlschema\xmlschema-core\2.2.3\xmlschema-core-2.2.3.jar;C:\Users\Anu\.m2\repository\org\apache\cxf\cxf-rt-rs-client\3.2.6\cxf-rt-rs-client-3.2.6.jar;C:\Users\Anu\.m2\repository\javax\ws\rs\javax.ws.rs-api\2.1\javax.ws.rs-api-2.1.jar;C:\Users\Anu\.m2\repository\org\apache\cxf\cxf-rt-transports-http-jetty\3.2.6\cxf-rt-transports-http-jetty-3.2.6.jar;C:\Users\Anu\.m2\repository\org\eclipse\jetty\jetty-server\9.4.11.v20180605\jetty-server-9.4.11.v20180605.jar;C:\Users\Anu\.m2\repository\org\eclipse\jetty\jetty-util\9.4.11.v20180605\jetty-util-9.4.11.v20180605.jar;C:\Users\Anu\.m2\repository\org\eclipse\jetty\jetty-io\9.4.11.v20180605\jetty-io-9.4.11.v20180605.jar;C:\Users\Anu\.m2\repository\org\eclipse\jetty\jetty-security\9.4.11.v20180605\jetty-security-9.4.11.v20180605.jar;C:\Users\Anu\.m2\repository\org\eclipse\jetty\jetty-continuation\9.4.11.v20180605\jetty-continuation-9.4.11.v20180605.jar;C:\Users\Anu\.m2\repository\org\eclipse\jetty\jetty-http\9.4.11.v20180605\jetty-http-9.4.11.v20180605.jar;C:\Users\Anu\.m2\repository\org\apache\cxf\cxf-testutils\3.2.6\cxf-testutils-3.2.6.jar;C:\Users\Anu\.m2\repository\junit\junit\4.12\junit-4.12.jar;C:\Users\Anu\.m2\repository\org\onehippo\cms7\hippo-repository-workflow\13.4.0\hippo-repository-workflow-13.4.0.jar;C:\Users\Anu\.m2\repository\org\apache\commons\commons-scxml2\2.0-M1\commons-scxml2-2.0-M1.jar;C:\Users\Anu\.m2\repository\com\jayway\restassured\rest-assured\2.5.0\rest-assured-2.5.0.jar;C:\Users\Anu\.m2\repository\org\codehaus\groovy\groovy\2.4.4\groovy-2.4.4.jar;C:\Users\Anu\.m2\repository\org\codehaus\groovy\groovy-xml\2.4.4\groovy-xml-2.4.4.jar;C:\Users\Anu\.m2\repository\org\apache\httpcomponents\httpclient\4.3.6\httpclient-4.3.6.jar;C:\Users\Anu\.m2\repository\org\apache\httpcomponents\httpcore\4.3.3\httpcore-4.3.3.jar;C:\Users\Anu\.m2\repository\commons-codec\commons-codec\1.6\commons-codec-1.6.jar;C:\Users\Anu\.m2\repository\org\apache\httpcomponents\httpmime\4.3.6\httpmime-4.3.6.jar;C:\Users\Anu\.m2\repository\org\hamcrest\hamcrest-core\1.3\hamcrest-core-1.3.jar;C:\Users\Anu\.m2\repository\org\hamcrest\hamcrest-library\1.3\hamcrest-library-1.3.jar;C:\Users\Anu\.m2\repository\org\ccil\cowan\tagsoup\tagsoup\1.2.1\tagsoup-1.2.1.jar;C:\Users\Anu\.m2\repository\com\jayway\restassured\json-path\2.5.0\json-path-2.5.0.jar;C:\Users\Anu\.m2\repository\org\codehaus\groovy\groovy-json\2.4.4\groovy-json-2.4.4.jar;C:\Users\Anu\.m2\repository\com\jayway\restassured\rest-assured-common\2.5.0\rest-assured-common-2.5.0.jar;C:\Users\Anu\.m2\repository\com\jayway\restassured\xml-path\2.5.0\xml-path-2.5.0.jar;C:\Users\Anu\.m2\repository\org\apache\tomcat\embed\tomcat-embed-core\9.0.20\tomcat-embed-core-9.0.20.jar;C:\Users\Anu\.m2\repository\org\apache\tomcat\tomcat-annotations-api\9.0.20\tomcat-annotations-api-9.0.20.jar;C:\Users\Anu\.m2\repository\org\onehippo\cms7\hippo-cms7-commons\13.4.0\hippo-cms7-commons-13.4.0.jar;C:\Users\Anu\.m2\repository\org\onehippo\cms7\hippo-services\13.4.0\hippo-services-13.4.0.jar;C:\Users\Anu\.m2\repository\org\onehippo\cms7\hippo-repository-api\13.4.0\hippo-repository-api-13.4.0.jar;C:\Users\Anu\.m2\repository\org\onehippo\cms7\hippo-repository-builtin\13.4.0\hippo-repository-builtin-13.4.0.jar;C:\Users\Anu\.m2\repository\org\onehippo\cms7\hst\hst-api\13.4.0\hst-api-13.4.0.jar;C:\Users\Anu\.m2\repository\javax\servlet\javax.servlet-api\3.1.0\javax.servlet-api-3.1.0.jar;C:\Users\Anu\.m2\repository\org\apache\geronimo\specs\geronimo-jta_1.1_spec\1.1.1\geronimo-jta_1.1_spec-1.1.1.jar;C:\Users\Anu\.m2\repository\xml-apis\xml-apis\1.0.b2\xml-apis-1.0.b2.jar;C:\Users\Anu\.m2\repository\javax\jcr\jcr\2.0\jcr-2.0.jar;C:\Users\Anu\.m2\repository\javax\mail\mail\1.4.7\mail-1.4.7.jar;C:\Users\Anu\.m2\repository\javax\activation\activation\1.1.1\activation-1.1.1.jar;C:\Users\Anu\.m2\repository\org\apache\geronimo\specs\geronimo-javamail_1.4_spec\1.7.1\geronimo-javamail_1.4_spec-1.7.1.jar;C:\Users\Anu\.m2\repository\org\slf4j\slf4j-api\1.7.25\slf4j-api-1.7.25.jar;C:\Users\Anu\.m2\repository\org\apache\logging\log4j\log4j-slf4j-impl\2.11.1\log4j-slf4j-impl-2.11.1.jar;C:\Users\Anu\.m2\repository\org\apache\logging\log4j\log4j-api\2.11.1\log4j-api-2.11.1.jar;C:\Users\Anu\.m2\repository\org\apache\logging\log4j\log4j-core\2.11.1\log4j-core-2.11.1.jar;C:\Users\Anu\.m2\repository\org\slf4j\jcl-over-slf4j\1.7.25\jcl-over-slf4j-1.7.25.jar;C:\Users\Anu\.m2\repository\commons-logging\commons-logging\1.2\commons-logging-1.2.jar;C:\Users\Anu\.m2\repository\commons-logging\commons-logging-api\1.1\commons-logging-api-1.1.jar;"/>
    <property name="java.vm.vendor" value="Oracle Corporation"/>
    <property name="sun.arch.data.model" value="32"/>
    <property name="user.variant" value=""/>
    <property name="java.vendor.url" value="http://java.oracle.com/"/>
    <property name="user.timezone" value="Asia/Calcutta"/>
    <property name="java.vm.specification.version" value="1.8"/>
    <property name="os.name" value="Windows 7"/>
    <property name="user.country" value="US"/>
    <property name="sun.java.launcher" value="SUN_STANDARD"/>
    <property name="sun.boot.library.path" value="C:\Program Files\Java\jdk1.8.0_231\jre\bin"/>
    <property name="sun.java.command" value="C:\Users\Anu\AppData\Local\Temp\surefire2691874377483350595\surefirebooter2027558052002867016.jar C:\Users\Anu\AppData\Local\Temp\surefire2691874377483350595 2020-01-04T13-06-31_783-jvmRun1 surefire5767984506914767477tmp surefire_02779096958140286159tmp"/>
    <property name="surefire.test.class.path" value="C:\Users\Anu\Desktop\brx\myproject\assessment\target\test-classes;C:\Users\Anu\Desktop\brx\myproject\assessment\target\classes;C:\Users\Anu\.m2\repository\org\onehippo\cms7\hippo-repository-jaxrs\13.4.0\hippo-repository-jaxrs-13.4.0.jar;C:\Users\Anu\.m2\repository\org\onehippo\cms7\hippo-cms7-utilities\13.4.0\hippo-cms7-utilities-13.4.0.jar;C:\Users\Anu\.m2\repository\org\apache\cxf\cxf-rt-frontend-jaxrs\3.2.6\cxf-rt-frontend-jaxrs-3.2.6.jar;C:\Users\Anu\.m2\repository\javax\annotation\javax.annotation-api\1.3\javax.annotation-api-1.3.jar;C:\Users\Anu\.m2\repository\org\apache\cxf\cxf-rt-transports-http\3.2.6\cxf-rt-transports-http-3.2.6.jar;C:\Users\Anu\.m2\repository\com\fasterxml\jackson\jaxrs\jackson-jaxrs-json-provider\2.9.9\jackson-jaxrs-json-provider-2.9.9.jar;C:\Users\Anu\.m2\repository\com\fasterxml\jackson\jaxrs\jackson-jaxrs-base\2.9.9\jackson-jaxrs-base-2.9.9.jar;C:\Users\Anu\.m2\repository\com\fasterxml\jackson\core\jackson-core\2.9.9\jackson-core-2.9.9.jar;C:\Users\Anu\.m2\repository\com\fasterxml\jackson\core\jackson-databind\2.9.9\jackson-databind-2.9.9.jar;C:\Users\Anu\.m2\repository\com\fasterxml\jackson\module\jackson-module-jaxb-annotations\2.9.9\jackson-module-jaxb-annotations-2.9.9.jar;C:\Users\Anu\.m2\repository\com\fasterxml\jackson\core\jackson-annotations\2.9.0\jackson-annotations-2.9.0.jar;C:\Users\Anu\.m2\repository\org\apache\commons\commons-lang3\3.8.1\commons-lang3-3.8.1.jar;C:\Users\Anu\.m2\repository\org\apache\jackrabbit\jackrabbit-jcr-commons\2.18.3-h1\jackrabbit-jcr-commons-2.18.3-h1.jar;C:\Users\Anu\.m2\repository\org\onehippo\cms7\hippo-repository-engine\13.4.0\hippo-repository-engine-13.4.0.jar;C:\Users\Anu\.m2\repository\org\apache\jackrabbit\jackrabbit-core\2.18.3-h1\jackrabbit-core-2.18.3-h1.jar;C:\Users\Anu\.m2\repository\concurrent\concurrent\1.3.4\concurrent-1.3.4.jar;C:\Users\Anu\.m2\repository\commons-collections\commons-collections\3.2.2\commons-collections-3.2.2.jar;C:\Users\Anu\.m2\repository\commons-dbcp\commons-dbcp\1.4\commons-dbcp-1.4.jar;C:\Users\Anu\.m2\repository\commons-pool\commons-pool\1.5.4\commons-pool-1.5.4.jar;C:\Users\Anu\.m2\repository\org\apache\jackrabbit\jackrabbit-api\2.18.3-h1\jackrabbit-api-2.18.3-h1.jar;C:\Users\Anu\.m2\repository\org\jetbrains\annotations\16.0.3\annotations-16.0.3.jar;C:\Users\Anu\.m2\repository\org\apache\jackrabbit\jackrabbit-spi\2.18.3-h1\jackrabbit-spi-2.18.3-h1.jar;C:\Users\Anu\.m2\repository\org\apache\tika\tika-core\1.22\tika-core-1.22.jar;C:\Users\Anu\.m2\repository\org\apache\lucene\lucene-core\3.6.0\lucene-core-3.6.0.jar;C:\Users\Anu\.m2\repository\org\apache\jackrabbit\jackrabbit-data\2.18.3-h1\jackrabbit-data-2.18.3-h1.jar;C:\Users\Anu\.m2\repository\org\apache\jackrabbit\jackrabbit-spi-commons\2.18.3-h1\jackrabbit-spi-commons-2.18.3-h1.jar;C:\Users\Anu\.m2\repository\org\onehippo\cms\hippo-configuration-management-api\13.4.0\hippo-configuration-management-api-13.4.0.jar;C:\Users\Anu\.m2\repository\org\onehippo\cms\hippo-configuration-management-model\13.4.0\hippo-configuration-management-model-13.4.0.jar;C:\Users\Anu\.m2\repository\org\yaml\snakeyaml\1.23\snakeyaml-1.23.jar;C:\Users\Anu\.m2\repository\org\springframework\spring-context\5.1.5.RELEASE\spring-context-5.1.5.RELEASE.jar;C:\Users\Anu\.m2\repository\org\springframework\spring-aop\5.1.5.RELEASE\spring-aop-5.1.5.RELEASE.jar;C:\Users\Anu\.m2\repository\org\springframework\spring-beans\5.1.5.RELEASE\spring-beans-5.1.5.RELEASE.jar;C:\Users\Anu\.m2\repository\org\springframework\spring-core\5.1.5.RELEASE\spring-core-5.1.5.RELEASE.jar;C:\Users\Anu\.m2\repository\org\springframework\spring-jcl\5.1.5.RELEASE\spring-jcl-5.1.5.RELEASE.jar;C:\Users\Anu\.m2\repository\org\springframework\spring-expression\5.1.5.RELEASE\spring-expression-5.1.5.RELEASE.jar;C:\Users\Anu\.m2\repository\org\onehippo\cms7\hippo-repository-tika\13.4.0\hippo-repository-tika-13.4.0.jar;C:\Users\Anu\.m2\repository\org\apache\commons\commons-compress\1.19\commons-compress-1.19.jar;C:\Users\Anu\.m2\repository\org\apache\pdfbox\pdfbox\2.0.16\pdfbox-2.0.16.jar;C:\Users\Anu\.m2\repository\org\apache\pdfbox\fontbox\2.0.16\fontbox-2.0.16.jar;C:\Users\Anu\.m2\repository\org\apache\tika\tika-parsers\1.22\tika-parsers-1.22.jar;C:\Users\Anu\.m2\repository\org\glassfish\jaxb\jaxb-runtime\2.3.2\jaxb-runtime-2.3.2.jar;C:\Users\Anu\.m2\repository\jakarta\xml\bind\jakarta.xml.bind-api\2.3.2\jakarta.xml.bind-api-2.3.2.jar;C:\Users\Anu\.m2\repository\org\glassfish\jaxb\txw2\2.3.2\txw2-2.3.2.jar;C:\Users\Anu\.m2\repository\com\sun\istack\istack-commons-runtime\3.0.8\istack-commons-runtime-3.0.8.jar;C:\Users\Anu\.m2\repository\org\jvnet\staxex\stax-ex\1.8.1\stax-ex-1.8.1.jar;C:\Users\Anu\.m2\repository\com\sun\xml\fastinfoset\FastInfoset\1.2.16\FastInfoset-1.2.16.jar;C:\Users\Anu\.m2\repository\org\tukaani\xz\1.8\xz-1.8.jar;C:\Users\Anu\.m2\repository\com\epam\parso\2.0.11\parso-2.0.11.jar;C:\Users\Anu\.m2\repository\org\brotli\dec\0.1.2\dec-0.1.2.jar;C:\Users\Anu\.m2\repository\org\apache\pdfbox\pdfbox-tools\2.0.16\pdfbox-tools-2.0.16.jar;C:\Users\Anu\.m2\repository\org\apache\pdfbox\jempbox\1.8.16\jempbox-1.8.16.jar;C:\Users\Anu\.m2\repository\org\bouncycastle\bcmail-jdk15on\1.62\bcmail-jdk15on-1.62.jar;C:\Users\Anu\.m2\repository\org\bouncycastle\bcpkix-jdk15on\1.62\bcpkix-jdk15on-1.62.jar;C:\Users\Anu\.m2\repository\org\bouncycastle\bcprov-jdk15on\1.62\bcprov-jdk15on-1.62.jar;C:\Users\Anu\.m2\repository\org\apache\poi\poi\4.0.1\poi-4.0.1.jar;C:\Users\Anu\.m2\repository\org\apache\commons\commons-math3\3.6.1\commons-math3-3.6.1.jar;C:\Users\Anu\.m2\repository\org\apache\poi\poi-scratchpad\4.0.1\poi-scratchpad-4.0.1.jar;C:\Users\Anu\.m2\repository\org\apache\poi\poi-ooxml\4.0.1\poi-ooxml-4.0.1.jar;C:\Users\Anu\.m2\repository\org\apache\poi\poi-ooxml-schemas\4.0.1\poi-ooxml-schemas-4.0.1.jar;C:\Users\Anu\.m2\repository\org\apache\xmlbeans\xmlbeans\3.0.2\xmlbeans-3.0.2.jar;C:\Users\Anu\.m2\repository\com\github\virtuald\curvesapi\1.05\curvesapi-1.05.jar;C:\Users\Anu\.m2\repository\com\googlecode\juniversalchardet\juniversalchardet\1.0.3\juniversalchardet-1.0.3.jar;C:\Users\Anu\.m2\repository\net\java\dev\jna\jna\5.3.1\jna-5.3.1.jar;C:\Users\Anu\.m2\repository\com\google\protobuf\protobuf-java\3.9.0\protobuf-java-3.9.0.jar;C:\Users\Anu\.m2\repository\com\mchange\c3p0\0.9.5.4\c3p0-0.9.5.4.jar;C:\Users\Anu\.m2\repository\com\mchange\mchange-commons-java\0.2.15\mchange-commons-java-0.2.15.jar;C:\Users\Anu\.m2\repository\org\apache\pdfbox\jbig2-imageio\3.0.2\jbig2-imageio-3.0.2.jar;C:\Users\Anu\.m2\repository\com\github\jai-imageio\jai-imageio-core\1.4.0\jai-imageio-core-1.4.0.jar;C:\Users\Anu\.m2\repository\org\onehippo\cms7\hippo-repository-connector\13.4.0\hippo-repository-connector-13.4.0.jar;C:\Users\Anu\.m2\repository\org\apache\jackrabbit\jackrabbit-jcr-rmi\2.18.3-h1\jackrabbit-jcr-rmi-2.18.3-h1.jar;C:\Users\Anu\.m2\repository\org\onehippo\cms7\hippo-repository-provider\13.4.0\hippo-repository-provider-13.4.0.jar;C:\Users\Anu\.m2\repository\commons-beanutils\commons-beanutils\1.9.4\commons-beanutils-1.9.4.jar;C:\Users\Anu\.m2\repository\net\sf\json-lib\json-lib\2.4\json-lib-2.4-jdk15.jar;C:\Users\Anu\.m2\repository\net\sf\ezmorph\ezmorph\1.0.6\ezmorph-1.0.6.jar;C:\Users\Anu\.m2\repository\org\onehippo\cms7\hippo-repository-utilities\13.4.0\hippo-repository-utilities-13.4.0.jar;C:\Users\Anu\.m2\repository\com\google\guava\guava\27.0-jre\guava-27.0-jre.jar;C:\Users\Anu\.m2\repository\com\google\guava\failureaccess\1.0\failureaccess-1.0.jar;C:\Users\Anu\.m2\repository\com\google\guava\listenablefuture\9999.0-empty-to-avoid-conflict-with-guava\listenablefuture-9999.0-empty-to-avoid-conflict-with-guava.jar;C:\Users\Anu\.m2\repository\com\google\code\findbugs\jsr305\3.0.2\jsr305-3.0.2.jar;C:\Users\Anu\.m2\repository\org\checkerframework\checker-qual\2.5.2\checker-qual-2.5.2.jar;C:\Users\Anu\.m2\repository\com\google\errorprone\error_prone_annotations\2.2.0\error_prone_annotations-2.2.0.jar;C:\Users\Anu\.m2\repository\com\google\j2objc\j2objc-annotations\1.1\j2objc-annotations-1.1.jar;C:\Users\Anu\.m2\repository\org\codehaus\mojo\animal-sniffer-annotations\1.17\animal-sniffer-annotations-1.17.jar;C:\Users\Anu\.m2\repository\org\quartz-scheduler\quartz\2.2.3\quartz-2.2.3.jar;C:\Users\Anu\.m2\repository\commons-io\commons-io\2.6\commons-io-2.6.jar;C:\Users\Anu\.m2\repository\commons-lang\commons-lang\2.6\commons-lang-2.6.jar;C:\Users\Anu\.m2\repository\org\apache\commons\commons-text\1.6\commons-text-1.6.jar;C:\Users\Anu\.m2\repository\org\codehaus\groovy\groovy-all\2.4.15\groovy-all-2.4.15.jar;C:\Users\Anu\.m2\repository\com\h2database\h2\1.3.175\h2-1.3.175.jar;C:\Users\Anu\.m2\repository\org\apache\commons\commons-collections4\4.2\commons-collections4-4.2.jar;C:\Users\Anu\.m2\repository\org\onehippo\cms7\hippo-repository-config\13.4.0\hippo-repository-config-13.4.0.jar;C:\Users\Anu\.m2\repository\org\onehippo\cms7\hippo-repository-testutils\13.4.0\hippo-repository-testutils-13.4.0.jar;C:\Users\Anu\.m2\repository\org\onehippo\cms7\hippo-cms-testutils\13.4.0\hippo-cms-testutils-13.4.0.jar;C:\Users\Anu\.m2\repository\org\onehippo\cms7\hippo-repository-mockutils\13.4.0\hippo-repository-mockutils-13.4.0.jar;C:\Users\Anu\.m2\repository\org\slf4j\slf4j-ext\1.7.25\slf4j-ext-1.7.25.jar;C:\Users\Anu\.m2\repository\org\apache\cxf\cxf-core\3.2.6\cxf-core-3.2.6.jar;C:\Users\Anu\.m2\repository\com\fasterxml\woodstox\woodstox-core\5.1.0\woodstox-core-5.1.0.jar;C:\Users\Anu\.m2\repository\org\codehaus\woodstox\stax2-api\4.1\stax2-api-4.1.jar;C:\Users\Anu\.m2\repository\org\apache\ws\xmlschema\xmlschema-core\2.2.3\xmlschema-core-2.2.3.jar;C:\Users\Anu\.m2\repository\org\apache\cxf\cxf-rt-rs-client\3.2.6\cxf-rt-rs-client-3.2.6.jar;C:\Users\Anu\.m2\repository\javax\ws\rs\javax.ws.rs-api\2.1\javax.ws.rs-api-2.1.jar;C:\Users\Anu\.m2\repository\org\apache\cxf\cxf-rt-transports-http-jetty\3.2.6\cxf-rt-transports-http-jetty-3.2.6.jar;C:\Users\Anu\.m2\repository\org\eclipse\jetty\jetty-server\9.4.11.v20180605\jetty-server-9.4.11.v20180605.jar;C:\Users\Anu\.m2\repository\org\eclipse\jetty\jetty-util\9.4.11.v20180605\jetty-util-9.4.11.v20180605.jar;C:\Users\Anu\.m2\repository\org\eclipse\jetty\jetty-io\9.4.11.v20180605\jetty-io-9.4.11.v20180605.jar;C:\Users\Anu\.m2\repository\org\eclipse\jetty\jetty-security\9.4.11.v20180605\jetty-security-9.4.11.v20180605.jar;C:\Users\Anu\.m2\repository\org\eclipse\jetty\jetty-continuation\9.4.11.v20180605\jetty-continuation-9.4.11.v20180605.jar;C:\Users\Anu\.m2\repository\org\eclipse\jetty\jetty-http\9.4.11.v20180605\jetty-http-9.4.11.v20180605.jar;C:\Users\Anu\.m2\repository\org\apache\cxf\cxf-testutils\3.2.6\cxf-testutils-3.2.6.jar;C:\Users\Anu\.m2\repository\junit\junit\4.12\junit-4.12.jar;C:\Users\Anu\.m2\repository\org\onehippo\cms7\hippo-repository-workflow\13.4.0\hippo-repository-workflow-13.4.0.jar;C:\Users\Anu\.m2\repository\org\apache\commons\commons-scxml2\2.0-M1\commons-scxml2-2.0-M1.jar;C:\Users\Anu\.m2\repository\com\jayway\restassured\rest-assured\2.5.0\rest-assured-2.5.0.jar;C:\Users\Anu\.m2\repository\org\codehaus\groovy\groovy\2.4.4\groovy-2.4.4.jar;C:\Users\Anu\.m2\repository\org\codehaus\groovy\groovy-xml\2.4.4\groovy-xml-2.4.4.jar;C:\Users\Anu\.m2\repository\org\apache\httpcomponents\httpclient\4.3.6\httpclient-4.3.6.jar;C:\Users\Anu\.m2\repository\org\apache\httpcomponents\httpcore\4.3.3\httpcore-4.3.3.jar;C:\Users\Anu\.m2\repository\commons-codec\commons-codec\1.6\commons-codec-1.6.jar;C:\Users\Anu\.m2\repository\org\apache\httpcomponents\httpmime\4.3.6\httpmime-4.3.6.jar;C:\Users\Anu\.m2\repository\org\hamcrest\hamcrest-core\1.3\hamcrest-core-1.3.jar;C:\Users\Anu\.m2\repository\org\hamcrest\hamcrest-library\1.3\hamcrest-library-1.3.jar;C:\Users\Anu\.m2\repository\org\ccil\cowan\tagsoup\tagsoup\1.2.1\tagsoup-1.2.1.jar;C:\Users\Anu\.m2\repository\com\jayway\restassured\json-path\2.5.0\json-path-2.5.0.jar;C:\Users\Anu\.m2\repository\org\codehaus\groovy\groovy-json\2.4.4\groovy-json-2.4.4.jar;C:\Users\Anu\.m2\repository\com\jayway\restassured\rest-assured-common\2.5.0\rest-assured-common-2.5.0.jar;C:\Users\Anu\.m2\repository\com\jayway\restassured\xml-path\2.5.0\xml-path-2.5.0.jar;C:\Users\Anu\.m2\repository\org\apache\tomcat\embed\tomcat-embed-core\9.0.20\tomcat-embed-core-9.0.20.jar;C:\Users\Anu\.m2\repository\org\apache\tomcat\tomcat-annotations-api\9.0.20\tomcat-annotations-api-9.0.20.jar;C:\Users\Anu\.m2\repository\org\onehippo\cms7\hippo-cms7-commons\13.4.0\hippo-cms7-commons-13.4.0.jar;C:\Users\Anu\.m2\repository\org\onehippo\cms7\hippo-services\13.4.0\hippo-services-13.4.0.jar;C:\Users\Anu\.m2\repository\org\onehippo\cms7\hippo-repository-api\13.4.0\hippo-repository-api-13.4.0.jar;C:\Users\Anu\.m2\repository\org\onehippo\cms7\hippo-repository-builtin\13.4.0\hippo-repository-builtin-13.4.0.jar;C:\Users\Anu\.m2\repository\org\onehippo\cms7\hst\hst-api\13.4.0\hst-api-13.4.0.jar;C:\Users\Anu\.m2\repository\javax\servlet\javax.servlet-api\3.1.0\javax.servlet-api-3.1.0.jar;C:\Users\Anu\.m2\repository\org\apache\geronimo\specs\geronimo-jta_1.1_spec\1.1.1\geronimo-jta_1.1_spec-1.1.1.jar;C:\Users\Anu\.m2\repository\xml-apis\xml-apis\1.0.b2\xml-apis-1.0.b2.jar;C:\Users\Anu\.m2\repository\javax\jcr\jcr\2.0\jcr-2.0.jar;C:\Users\Anu\.m2\repository\javax\mail\mail\1.4.7\mail-1.4.7.jar;C:\Users\Anu\.m2\repository\javax\activation\activation\1.1.1\activation-1.1.1.jar;C:\Users\Anu\.m2\repository\org\apache\geronimo\specs\geronimo-javamail_1.4_spec\1.7.1\geronimo-javamail_1.4_spec-1.7.1.jar;C:\Users\Anu\.m2\repository\org\slf4j\slf4j-api\1.7.25\slf4j-api-1.7.25.jar;C:\Users\Anu\.m2\repository\org\apache\logging\log4j\log4j-slf4j-impl\2.11.1\log4j-slf4j-impl-2.11.1.jar;C:\Users\Anu\.m2\repository\org\apache\logging\log4j\log4j-api\2.11.1\log4j-api-2.11.1.jar;C:\Users\Anu\.m2\repository\org\apache\logging\log4j\log4j-core\2.11.1\log4j-core-2.11.1.jar;C:\Users\Anu\.m2\repository\org\slf4j\jcl-over-slf4j\1.7.25\jcl-over-slf4j-1.7.25.jar;C:\Users\Anu\.m2\repository\commons-logging\commons-logging\1.2\commons-logging-1.2.jar;C:\Users\Anu\.m2\repository\commons-logging\commons-logging-api\1.1\commons-logging-api-1.1.jar;"/>
    <property name="sun.cpu.endian" value="little"/>
    <property name="user.home" value="C:\Users\Anu"/>
    <property name="user.language" value="en"/>
    <property name="java.specification.vendor" value="Oracle Corporation"/>
    <property name="java.home" value="C:\Program Files\Java\jdk1.8.0_231\jre"/>
    <property name="basedir" value="C:\Users\Anu\Desktop\brx\myproject\assessment"/>
    <property name="file.separator" value="\"/>
    <property name="line.separator" value="&#10;"/>
    <property name="java.vm.specification.vendor" value="Oracle Corporation"/>
    <property name="java.specification.name" value="Java Platform API Specification"/>
    <property name="java.awt.graphicsenv" value="sun.awt.Win32GraphicsEnvironment"/>
    <property name="surefire.real.class.path" value="C:\Users\Anu\AppData\Local\Temp\surefire2691874377483350595\surefirebooter2027558052002867016.jar"/>
    <property name="sun.boot.class.path" value="C:\Program Files\Java\jdk1.8.0_231\jre\lib\resources.jar;C:\Program Files\Java\jdk1.8.0_231\jre\lib\rt.jar;C:\Program Files\Java\jdk1.8.0_231\jre\lib\sunrsasign.jar;C:\Program Files\Java\jdk1.8.0_231\jre\lib\jsse.jar;C:\Program Files\Java\jdk1.8.0_231\jre\lib\jce.jar;C:\Program Files\Java\jdk1.8.0_231\jre\lib\charsets.jar;C:\Program Files\Java\jdk1.8.0_231\jre\lib\jfr.jar;C:\Program Files\Java\jdk1.8.0_231\jre\classes"/>
    <property name="user.script" value=""/>
    <property name="sun.management.compiler" value="HotSpot Client Compiler"/>
    <property name="java.runtime.version" value="1.8.0_231-b11"/>
    <property name="user.name" value="Anu"/>
    <property name="path.separator" value=";"/>
    <property name="os.version" value="6.1"/>
    <property name="java.endorsed.dirs" value="C:\Program Files\Java\jdk1.8.0_231\jre\lib\endorsed"/>
    <property name="java.runtime.name" value="Java(TM) SE Runtime Environment"/>
    <property name="file.encoding" value="Cp1252"/>
    <property name="java.vm.name" value="Java HotSpot(TM) Client VM"/>
    <property name="localRepository" value="C:\Users\Anu\.m2\repository"/>
    <property name="java.vendor.url.bug" value="http://bugreport.sun.com/bugreport/"/>
    <property name="java.io.tmpdir" value="C:\Users\Anu\AppData\Local\Temp\"/>
    <property name="java.version" value="1.8.0_231"/>
    <property name="user.dir" value="C:\Users\Anu\Desktop\brx\myproject\assessment"/>
    <property name="os.arch" value="x86"/>
    <property name="java.vm.specification.name" value="Java Virtual Machine Specification"/>
    <property name="java.awt.printerjob" value="sun.awt.windows.WPrinterJob"/>
    <property name="sun.os.patch.level" value=""/>
    <property name="java.library.path" value="C:\Program Files\Java\jdk1.8.0_231\jre\bin;C:\Windows\Sun\Java\bin;C:\Windows\system32;C:\Windows;C:\Program Files\Common Files\Oracle\Java\javapath;C:\Windows\system32;C:\Windows;C:\Windows\System32\Wbem;C:\Windows\System32\WindowsPowerShell\v1.0\;H:\Dwimperl\perl\bin;H:\Dwimperl\perl\site\bin;H:\Dwimperl\c\bin;C:\Program Files\Lenovo\Bluetooth Software\;C:\Program Files\Java\jdk1.8.0_231\bin;H:\Automation_workspace\apache-ant-1.9.4\bin;H:\Automation_workspace\apache-maven-3.6.3\bin;;C:\Program Files\Microsoft SQL Server\80\Tools\Binn\;C:\Program Files\Skype\Phone\;."/>
    <property name="java.vm.info" value="mixed mode"/>
    <property name="java.vendor" value="Oracle Corporation"/>
    <property name="java.vm.version" value="25.231-b11"/>
    <property name="java.ext.dirs" value="C:\Program Files\Java\jdk1.8.0_231\jre\lib\ext;C:\Windows\Sun\Java\lib\ext"/>
    <property name="sun.io.unicode.encoding" value="UnicodeLittle"/>
    <property name="java.class.version" value="52.0"/>
  </properties>
  <testcase name="test_hello" classname="org.example.assessment.JaxrsTest" time="7.451"/>
</testsuite>